<?xml version="1.0" encoding="UTF-8"?>
<testng-results ignored="0" total="1" passed="1" failed="0" skipped="0">
  <reporter-output>
  </reporter-output>
  <suite started-at="2023-01-25T06:10:10 IST" name="Default suite" finished-at="2023-01-25T06:10:24 IST" duration-ms="14036">
    <groups>
    </groups>
    <test started-at="2023-01-25T06:10:10 IST" name="Default test" finished-at="2023-01-25T06:10:24 IST" duration-ms="14036">
      <class name="com.crossbrowser.parallel.ScriptOne">
        <test-method is-config="true" signature="report()[pri:0, instance:com.crossbrowser.parallel.ScriptOne@4659191b]" started-at="2023-01-25T06:10:10 IST" name="report" finished-at="2023-01-25T06:10:10 IST" duration-ms="262" status="PASS">
          <reporter-output>
          </reporter-output>
        </test-method> <!-- report -->
        <test-method signature="adactinLogin()[pri:0, instance:com.crossbrowser.parallel.ScriptOne@4659191b]" started-at="2023-01-25T06:10:10 IST" name="adactinLogin" finished-at="2023-01-25T06:10:23 IST" duration-ms="12716" status="PASS">
          <reporter-output>
          </reporter-output>
        </test-method> <!-- adactinLogin -->
        <test-method is-config="true" signature="stopReport()[pri:0, instance:com.crossbrowser.parallel.ScriptOne@4659191b]" started-at="2023-01-25T06:10:23 IST" name="stopReport" finished-at="2023-01-25T06:10:24 IST" duration-ms="1264" status="PASS">
          <reporter-output>
          </reporter-output>
        </test-method> <!-- stopReport -->
      </class> <!-- com.crossbrowser.parallel.ScriptOne -->
    </test> <!-- Default test -->
  </suite> <!-- Default suite -->
</testng-results>
